<?xml version="1.0" encoding="UTF-8"?>
<!-- Generated by org.testng.reporters.JUnitXMLReporter -->
<testsuite ignored="0" hostname="DESKTOP-FMTRJKM" failures="0" tests="6" name="Test" time="96.577" errors="0" timestamp="2024-05-20T16:24:52 IST">
  <testcase classname="BASECLASS.baseclass_2" name="@BeforeClass configBC" time="-1.716202395611E9">
    <failure type="org.testng.TestNGException" message="
Parameter &amp;apos;BROWSER&amp;apos; is required by BeforeClass on method configBC but has not been marked @Optional or defined
in C:\Users\DELL\git\repository3\mavenjenkinCMR\suitebatch.xml">
      <![CDATA[org.testng.TestNGException: 
Parameter 'BROWSER' is required by BeforeClass on method configBC but has not been marked @Optional or defined
in C:\Users\DELL\git\repository3\mavenjenkinCMR\suitebatch.xml
at java.base/java.util.ArrayList.forEach(ArrayList.java:1511)
... Removed 22 stack frames]]>
    </failure>
  </testcase> <!-- @BeforeClass configBC -->
  <testcase classname="BASECLASS.baseclass_2" name="@BeforeMethod configBM" time="0.0">
    <skipped/>
  </testcase> <!-- @BeforeMethod configBM -->
  <testcase classname="BASECLASS.baseclass_2" name="@AfterMethod configAM" time="0.0">
    <skipped/>
  </testcase> <!-- @AfterMethod configAM -->
  <testcase classname="BASECLASS.baseclass_2" name="@BeforeMethod configBM" time="0.0">
    <skipped/>
  </testcase> <!-- @BeforeMethod configBM -->
  <testcase classname="BASECLASS.baseclass_2" name="@AfterMethod configAM" time="0.0">
    <skipped/>
  </testcase> <!-- @AfterMethod configAM -->
  <testcase classname="BASECLASS.baseclass_2" name="@BeforeMethod configBM" time="0.0">
    <skipped/>
  </testcase> <!-- @BeforeMethod configBM -->
  <testcase classname="BASECLASS.baseclass_2" name="@AfterMethod configAM" time="0.0">
    <skipped/>
  </testcase> <!-- @AfterMethod configAM -->
  <testcase classname="BASECLASS.baseclass_2" name="@AfterClass configAC" time="0.0">
    <skipped/>
  </testcase> <!-- @AfterClass configAC -->
  <testcase classname="com.crm.orgtest.runmultipleorg_test" name="createorgtest" time="0.0">
    <skipped/>
  </testcase> <!-- createorgtest -->
  <testcase classname="com.crm.orgtest.runmultipleorg_test" name="createorgwithindus_test" time="0.001">
    <skipped/>
  </testcase> <!-- createorgwithindus_test -->
  <testcase classname="com.crm.orgtest.runmultipleorg_test" name="createorgwithphone_test" time="0.0">
    <skipped/>
  </testcase> <!-- createorgwithphone_test -->
  <testcase classname="com.crm.contacttest.runmultiple_contacttest" name="createcontact_test" time="20.446"/>
  <testcase classname="com.crm.contacttest.runmultiple_contacttest" name="createcontact_withdatetest" time="21.917"/>
  <testcase classname="com.crm.contacttest.runmultiple_contacttest" name="createcontactwithorg_test" time="32.598"/>
</testsuite> <!-- Test -->
